#
# There is insufficient memory for the Java Runtime Environment to continue.
# Native memory allocation (mmap) failed to map 264241152 bytes for G1 virtual space
# Possible reasons:
#   The system is out of physical RAM or swap space
#   The process is running with CompressedOops enabled, and the Java Heap may be blocking the growth of the native heap
# Possible solutions:
#   Reduce memory load on the system
#   Increase physical memory or swap space
#   Check if swap backing store is full
#   Decrease Java heap size (-Xmx/-Xms)
#   Decrease number of Java threads
#   Decrease Java thread stack sizes (-Xss)
#   Set larger code cache with -XX:ReservedCodeCacheSize=
#   JVM is running with Zero Based Compressed Oops mode in which the Java heap is
#     placed in the first 32GB address space. The Java Heap base address is the
#     maximum limit for the native heap growth. Please use -XX:HeapBaseMinAddress
#     to set the Java Heap base and to place the Java Heap above 32GB virtual address.
# This output file may be truncated or incomplete.
#
#  Out of Memory Error (os_windows.cpp:3469), pid=29772, tid=12492
#
# JRE version:  (17.0.1+12) (build )
# Java VM: OpenJDK 64-Bit Server VM (17.0.1+12, mixed mode, sharing, tiered, compressed oops, compressed class ptrs, g1 gc, windows-amd64)
# No core dump will be written. Minidumps are not enabled by default on client versions of Windows
#

---------------  S U M M A R Y ------------

Command Line: -Dfile.encoding=Cp1252 -XX:+ShowCodeDetailsInExceptionMessages JLabelExample

Host: Intel(R) Core(TM) i7-10510U CPU @ 1.80GHz, 8 cores, 15G,  Windows 10 , 64 bit Build 22000 (10.0.22000.708)
Time: Sun Nov  6 14:57:17 2022 GMT Standard Time elapsed time: 0.016206 seconds (0d 0h 0m 0s)

---------------  T H R E A D  ---------------

Current thread (0x000002c03439d9a0):  JavaThread "Unknown thread" [_thread_in_vm, id=12492, stack(0x000000d865300000,0x000000d865400000)]

Stack: [0x000000d865300000,0x000000d865400000]
Native frames: (J=compiled Java code, j=interpreted, Vv=VM code, C=native code)
V  [jvm.dll+0x6744da]
V  [jvm.dll+0x82e144]
V  [jvm.dll+0x82f8ee]
V  [jvm.dll+0x82ff53]
V  [jvm.dll+0x245175]
V  [jvm.dll+0x6714c9]
V  [jvm.dll+0x665f92]
V  [jvm.dll+0x303c3b]
V  [jvm.dll+0x30b176]
V  [jvm.dll+0x35af1e]
V  [jvm.dll+0x35b14f]
V  [jvm.dll+0x2dab78]
V  [jvm.dll+0x2dbae4]
V  [jvm.dll+0x7ffdf1]
V  [jvm.dll+0x368c91]
V  [jvm.dll+0x7df2cc]
V  [jvm.dll+0x3eb59f]
V  [jvm.dll+0x3ed121]
C  [jli.dll+0x5277]
C  [ucrtbase.dll+0x26c0c]
C  [KERNEL32.DLL+0x154e0]
C  [ntdll.dll+0x485b]


---------------  P R O C E S S  ---------------

Threads class SMR info:
_java_thread_list=0x00007ffd698f4e58, length=0, elements={
}

Java Threads: ( => current thread )

Other Threads:
  0x000002c0343ef340 GCTaskThread "GC Thread#0" [stack: 0x000000d865400000,0x000000d865500000] [id=23788]
  0x000002c0344005d0 ConcurrentGCThread "G1 Main Marker" [stack: 0x000000d865500000,0x000000d865600000] [id=37312]
  0x000002c034400fe0 ConcurrentGCThread "G1 Conc#0" [stack: 0x000000d865600000,0x000000d865700000] [id=17848]

[error occurred during error reporting (printing all threads), id 0xc0000005, EXCEPTION_ACCESS_VIOLATION (0xc0000005) at pc=0x00007ffd690cb5f7]

VM state: not at safepoint (not fully initialized)

VM Mutex/Monitor currently owned by a thread:  ([mutex/lock_event])
[0x000002c034399a80] Heap_lock - owner thread: 0x000002c03439d9a0

Heap address: 0x0000000705a00000, size: 4006 MB, Compressed Oops mode: Zero based, Oop shift amount: 3

CDS archive(s) mapped at: [0x0000000000000000-0x0000000000000000-0x0000000000000000), size 0, SharedBaseAddress: 0x0000000800000000, ArchiveRelocationMode: 0.
Narrow klass base: 0x0000000000000000, Narrow klass shift: 0, Narrow klass range: 0x0

GC Precious Log:
<Empty>

Heap:
 garbage-first heap   total 0K, used 0K [0x0000000705a00000, 0x0000000800000000)
  region size 2048K, 0 young (0K), 0 survivors (0K)

[error occurred during error reporting (printing heap information), id 0xc0000005, EXCEPTION_ACCESS_VIOLATION (0xc0000005) at pc=0x00007ffd694ad729]

GC Heap History (0 events):
No events

Deoptimization events (0 events):
No events

Classes unloaded (0 events):
No events

Classes redefined (0 events):
No events

Internal exceptions (0 events):
No events

VM Operations (0 events):
No events

Events (1 events):
Event: 0.011 Loaded shared library C:\Users\Patrick Noonan\.p2\pool\plugins\org.eclipse.justj.openjdk.hotspot.jre.full.win32.x86_64_17.0.1.v20211116-1657\jre\bin\java.dll


Dynamic libraries:
0x00007ff71a5c0000 - 0x00007ff71a5ce000 	C:\Users\Patrick Noonan\.p2\pool\plugins\org.eclipse.justj.openjdk.hotspot.jre.full.win32.x86_64_17.0.1.v20211116-1657\jre\bin\javaw.exe
0x00007ffe12500000 - 0x00007ffe12709000 	C:\WINDOWS\SYSTEM32\ntdll.dll
0x00007ffe11900000 - 0x00007ffe119bd000 	C:\WINDOWS\System32\KERNEL32.DLL
0x00007ffe0fc60000 - 0x00007ffe0ffdb000 	C:\WINDOWS\System32\KERNELBASE.dll
0x00007ffe0f9d0000 - 0x00007ffe0fae1000 	C:\WINDOWS\System32\ucrtbase.dll
0x00007ffdfd3b0000 - 0x00007ffdfd3c9000 	C:\Users\Patrick Noonan\.p2\pool\plugins\org.eclipse.justj.openjdk.hotspot.jre.full.win32.x86_64_17.0.1.v20211116-1657\jre\bin\VCRUNTIME140.dll
0x00007ffdfd4f0000 - 0x00007ffdfd508000 	C:\Users\Patrick Noonan\.p2\pool\plugins\org.eclipse.justj.openjdk.hotspot.jre.full.win32.x86_64_17.0.1.v20211116-1657\jre\bin\jli.dll
0x00007ffe11750000 - 0x00007ffe118fd000 	C:\WINDOWS\System32\USER32.dll
0x00007ffde94a0000 - 0x00007ffde9745000 	C:\WINDOWS\WinSxS\amd64_microsoft.windows.common-controls_6595b64144ccf1df_6.0.22000.120_none_9d947278b86cc467\COMCTL32.dll
0x00007ffe10260000 - 0x00007ffe10286000 	C:\WINDOWS\System32\win32u.dll
0x00007ffe108c0000 - 0x00007ffe10963000 	C:\WINDOWS\System32\msvcrt.dll
0x00007ffe11db0000 - 0x00007ffe11dd9000 	C:\WINDOWS\System32\GDI32.dll
0x00007ffe10080000 - 0x00007ffe10198000 	C:\WINDOWS\System32\gdi32full.dll
0x00007ffe0ffe0000 - 0x00007ffe1007d000 	C:\WINDOWS\System32\msvcp_win.dll
0x00007ffe11b20000 - 0x00007ffe11b51000 	C:\WINDOWS\System32\IMM32.DLL
0x00007ffdfd2d0000 - 0x00007ffdfd2dc000 	C:\Users\Patrick Noonan\.p2\pool\plugins\org.eclipse.justj.openjdk.hotspot.jre.full.win32.x86_64_17.0.1.v20211116-1657\jre\bin\vcruntime140_1.dll
0x00007ffdfbc20000 - 0x00007ffdfbcb1000 	C:\Users\Patrick Noonan\.p2\pool\plugins\org.eclipse.justj.openjdk.hotspot.jre.full.win32.x86_64_17.0.1.v20211116-1657\jre\bin\msvcp140.dll
0x00007ffd68de0000 - 0x00007ffd69a26000 	C:\Users\Patrick Noonan\.p2\pool\plugins\org.eclipse.justj.openjdk.hotspot.jre.full.win32.x86_64_17.0.1.v20211116-1657\jre\bin\server\jvm.dll
0x00007ffe11190000 - 0x00007ffe1123e000 	C:\WINDOWS\System32\ADVAPI32.dll
0x00007ffe114e0000 - 0x00007ffe1157e000 	C:\WINDOWS\System32\sechost.dll
0x00007ffe113c0000 - 0x00007ffe114e0000 	C:\WINDOWS\System32\RPCRT4.dll
0x00007ffe12250000 - 0x00007ffe12258000 	C:\WINDOWS\System32\PSAPI.DLL
0x00007ffe09c10000 - 0x00007ffe09c43000 	C:\WINDOWS\SYSTEM32\WINMM.dll
0x00007ffe06ab0000 - 0x00007ffe06aba000 	C:\WINDOWS\SYSTEM32\VERSION.dll
0x00007ffde9fd0000 - 0x00007ffde9fd9000 	C:\WINDOWS\SYSTEM32\WSOCK32.dll
0x00007ffe11d40000 - 0x00007ffe11daf000 	C:\WINDOWS\System32\WS2_32.dll
0x00007ffe0eb40000 - 0x00007ffe0eb58000 	C:\WINDOWS\SYSTEM32\kernel.appcore.dll
0x00007ffe0b810000 - 0x00007ffe0b81a000 	C:\Users\Patrick Noonan\.p2\pool\plugins\org.eclipse.justj.openjdk.hotspot.jre.full.win32.x86_64_17.0.1.v20211116-1657\jre\bin\jimage.dll
0x00007ffe0d030000 - 0x00007ffe0d251000 	C:\WINDOWS\SYSTEM32\DBGHELP.DLL
0x00007ffdea820000 - 0x00007ffdea851000 	C:\WINDOWS\SYSTEM32\dbgcore.DLL
0x00007ffe10300000 - 0x00007ffe1037f000 	C:\WINDOWS\System32\bcryptPrimitives.dll
0x00007ffdfb340000 - 0x00007ffdfb365000 	C:\Users\Patrick Noonan\.p2\pool\plugins\org.eclipse.justj.openjdk.hotspot.jre.full.win32.x86_64_17.0.1.v20211116-1657\jre\bin\java.dll

dbghelp: loaded successfully - version: 4.0.5 - missing functions: none
symbol engine: initialized successfully - sym options: 0x614 - pdb path: .;C:\Users\Patrick Noonan\.p2\pool\plugins\org.eclipse.justj.openjdk.hotspot.jre.full.win32.x86_64_17.0.1.v20211116-1657\jre\bin;C:\WINDOWS\SYSTEM32;C:\WINDOWS\WinSxS\amd64_microsoft.windows.common-controls_6595b64144ccf1df_6.0.22000.120_none_9d947278b86cc467;C:\Users\Patrick Noonan\.p2\pool\plugins\org.eclipse.justj.openjdk.hotspot.jre.full.win32.x86_64_17.0.1.v20211116-1657\jre\bin\server

VM Arguments:
jvm_args: -Dfile.encoding=Cp1252 -XX:+ShowCodeDetailsInExceptionMessages 
java_command: JLabelExample
java_class_path (initial): C:\Users\Patrick Noonan\P3_Assignment7\bin
Launcher Type: SUN_STANDARD

[Global flags]
     intx CICompilerCount                          = 4                                         {product} {ergonomic}
     uint ConcGCThreads                            = 2                                         {product} {ergonomic}
     uint G1ConcRefinementThreads                  = 8                                         {product} {ergonomic}
   size_t G1HeapRegionSize                         = 2097152                                   {product} {ergonomic}
    uintx GCDrainStackTargetSize                   = 64                                        {product} {ergonomic}
   size_t InitialHeapSize                          = 264241152                                 {product} {ergonomic}
   size_t MarkStackSize                            = 4194304                                   {product} {ergonomic}
   size_t MaxHeapSize                              = 4200595456                                {product} {ergonomic}
   size_t MinHeapDeltaBytes                        = 2097152                                   {product} {ergonomic}
   size_t MinHeapSize                              = 8388608                                   {product} {ergonomic}
    uintx NonNMethodCodeHeapSize                   = 5839372                                {pd product} {ergonomic}
    uintx NonProfiledCodeHeapSize                  = 122909434                              {pd product} {ergonomic}
    uintx ProfiledCodeHeapSize                     = 122909434                              {pd product} {ergonomic}
    uintx ReservedCodeCacheSize                    = 251658240                              {pd product} {ergonomic}
     bool SegmentedCodeCache                       = true                                      {product} {ergonomic}
     bool ShowCodeDetailsInExceptionMessages       = true                                   {manageable} {command line}
   size_t SoftMaxHeapSize                          = 4200595456                             {manageable} {ergonomic}
     bool UseCompressedClassPointers               = true                           {product lp64_product} {ergonomic}
     bool UseCompressedOops                        = true                           {product lp64_product} {ergonomic}
     bool UseG1GC                                  = true                                      {product} {ergonomic}
     bool UseLargePagesIndividualAllocation        = false                                  {pd product} {ergonomic}

Logging:
Log output configuration:
 #0: stdout all=warning uptime,level,tags
 #1: stderr all=off uptime,level,tags

Environment Variables:
JAVA_HOME=C:\Users\Patrick Noonan\AppData\Local\Programs\Eclipse Adoptium\jdk-17.0.2.8-hotspot\
PATH=C:/Users/Patrick Noonan/.p2/pool/plugins/org.eclipse.justj.openjdk.hotspot.jre.full.win32.x86_64_17.0.1.v20211116-1657/jre/bin/server;C:/Users/Patrick Noonan/.p2/pool/plugins/org.eclipse.justj.openjdk.hotspot.jre.full.win32.x86_64_17.0.1.v20211116-1657/jre/bin;C:\Program Files (x86)\Common Files\Oracle\Java\javapath;C:\Windows\system32;C:\Windows;C:\Windows\System32\Wbem;C:\Windows\System32\WindowsPowerShell\v1.0\;C:\Windows\System32\OpenSSH\;C:\Program Files (x86)\NVIDIA Corporation\PhysX\Common;C:\Program Files\MATLAB\R2021a\bin;C:\WINDOWS\system32;C:\WINDOWS;C:\WINDOWS\System32\Wbem;C:\WINDOWS\System32\WindowsPowerShell\v1.0\;C:\WINDOWS\System32\OpenSSH\;C:\Program Files\dotnet\;C:\Users\Patrick Noonan\AppData\Local\Programs\Eclipse Adoptium\jdk-17.0.2.8-hotspot\bin;C:\Users\Patrick Noonan\AppData\Local\Microsoft\WindowsApps;;C:\Users\Patrick Noonan\AppData\Local\Programs\Microsoft VS Code\bin;C:\WINDOWS\system32;
USERNAME=Patrick Noonan
OS=Windows_NT
PROCESSOR_IDENTIFIER=Intel64 Family 6 Model 142 Stepping 12, GenuineIntel



---------------  S Y S T E M  ---------------

OS:
 Windows 10 , 64 bit Build 22000 (10.0.22000.708)
OS uptime: 3 days 23:55 hours

CPU: total 8 (initial active 8) (4 cores per cpu, 2 threads per core) family 6 model 142 stepping 12 microcode 0xec, cx8, cmov, fxsr, ht, mmx, 3dnowpref, sse, sse2, sse3, ssse3, sse4.1, sse4.2, popcnt, lzcnt, tsc, tscinvbit, avx, avx2, aes, erms, clmul, bmi1, bmi2, adx, fma, vzeroupper, clflush, clflushopt

Memory: 4k page, system-wide physical 16016M (3814M free)
TotalPageFile size 65168M (AvailPageFile size 100M)
current process WorkingSet (physical memory assigned to process): 10M, peak: 10M
current process commit charge ("private bytes"): 60M, peak: 312M

vm_info: OpenJDK 64-Bit Server VM (17.0.1+12) for windows-amd64 JRE (17.0.1+12), built on Oct 20 2021 07:42:55 by "" with MS VC++ 16.7 (VS2019)

END.
